<?xml version="1.0" encoding="UTF-8"?>
<!-- Generated by org.testng.reporters.JUnitXMLReporter -->
<testsuite ignored="8" hostname="DESKTOP-8HJSJLD" failures="0" tests="72" name="Test" time="191.137" errors="0" timestamp="2023-02-16T11:21:22 IST">
  <testcase classname="test.SignInPageTestcases" name="VerifyTitleOfPage" time="0.811"/>
  <testcase classname="test.SignInPageTestcases" name="validateLogin" time="3.371"/>
  <testcase classname="test.HomeTestcase" name="Hover_On_FilesByToday" time="5.774"/>
  <testcase classname="test.HomeTestcase" name="Hover_On_Error" time="0.386"/>
  <testcase classname="test.HomeTestcase" name="Hover_On_Queued" time="0.353"/>
  <testcase classname="test.HomeTestcase" name="Hover_On_Validating" time="0.37"/>
  <testcase classname="test.HomeTestcase" name="Hover_On_Waiting" time="0.358"/>
  <testcase classname="test.HomeTestcase" name="Hover_On_Inserting" time="0.368"/>
  <testcase classname="test.HomeTestcase" name="Hover_On_Completed" time="0.353"/>
  <testcase classname="test.HomeTestcase" name="Hover_On_Api" time="0.354"/>
  <testcase classname="test.HomeTestcase" name="Hover_On_Ftp" time="0.371"/>
  <testcase classname="test.HomeTestcase" name="Hover_On_External" time="0.354"/>
  <testcase classname="test.HomeTestcase" name="Hover_On_S3" time="0.355"/>
  <testcase classname="test.HomeTestcase" name="Hover_On_FOB" time="0.356"/>
  <testcase classname="test.HomeTestcase" name="Hover_On_OFR" time="0.376"/>
  <testcase classname="test.HomeTestcase" name="Hover_On_PLC" time="0.357"/>
  <testcase classname="test.HomeTestcase" name="Hover_On_CompletedElement" time="4.68"/>
  <testcase classname="test.HomeTestcase" name="Hover_On_DataSourceWise_Tooltip" time="0.34"/>
  <testcase classname="test.HomeTestcase" name="HoverOn_CustomerWiseFilestatus_Tooltip" time="0.356"/>
  <testcase classname="test.HomeTestcase" name="HoverOn_MemberWiseFilestatus_Tooltip" time="0.356"/>
  <testcase classname="test.HomeTestcase" name="verify_filter_By_CustomerField" time="1.085"/>
  <testcase classname="test.HomeTestcase" name="verify_FilterByMemeberSCAC" time="1.125"/>
  <testcase classname="test.HomeTestcase" name="VerifyClickOnToday" time="4.107"/>
  <testcase classname="test.HomeTestcase" name="VerifyClickOnWeek" time="2.087"/>
  <testcase classname="test.HomeTestcase" name="VerifyClickOnMonth" time="2.073"/>
  <testcase classname="test.HomeTestcase" name="VerifyClickOnCustomeDates" time="5.327"/>
  <testcase classname="test.HomeTestcase" name="Verify_ClickOn_logo" time="1.617"/>
  <testcase classname="test.HomeTestcase" name="Verify_Theme_Button" time="6.24"/>
  <testcase classname="test.HomeTestcase" name="Verify_Scroll_worksorNot" time="0.011"/>
  <testcase classname="test.JobLogsTestcases" name="Click_On_JobLogs" time="0.069"/>
  <testcase classname="test.JobLogsTestcases" name="Verify_All_Functionalities_In_Today" time="5.234"/>
  <testcase classname="test.JobLogsTestcases" name="Verify_Hover_On_Show_MoreData" time="6.494"/>
  <testcase classname="test.JobLogsTestcases" name="Verify_Hover_On_DeleteJob" time="1.158"/>
  <testcase classname="test.JobLogsTestcases" name="Verify_Hover_On_FileName" time="1.151"/>
  <testcase classname="test.JobLogsTestcases" name="Verify_File_Gets_Download_Or_Not" time="6.207"/>
  <testcase classname="test.JobLogsTestcases" name="Verify_Download_Icon_Worksornot" time="1.625"/>
  <testcase classname="test.JobLogsTestcases" name="Verify_Download_Errors_Works_Or_Not" time="1.595"/>
  <testcase classname="test.JobLogsTestcases" name="Verify_user_is_able_to_click_on_checkbox" time="2.15"/>
  <testcase classname="test.JobLogsTestcases" name="Verify_ClickOn_AllDropDown_Element" time="3.461"/>
  <testcase classname="test.JobLogsTestcases" name="Verify_ClickOn_AllDataSource_DropDownElements" time="4.965"/>
  <testcase classname="test.JobLogsTestcases" name="Verify_ClickOn_AllStatus_DropdownElement" time="7.429"/>
  <testcase classname="test.JobLogsTestcases" name="Verify_All_Functionalities_In_Week" time="4.875"/>
  <testcase classname="test.JobLogsTestcases" name="Verify_All_Functionalities_In_Month" time="5.273"/>
  <testcase classname="test.JobLogsTestcases" name="Verify_All_Functionalities_In_Customedates" time="3.28"/>
  <testcase classname="test.JobLogsTestcases" name="Verify_Theme_Button" time="6.144"/>
  <testcase classname="test.ReportsTestcases" name="clickOnReports" time="0.073"/>
  <testcase classname="test.ReportsTestcases" name="clickOnUploadLog" time="0.226"/>
  <testcase classname="test.ReportsTestcases" name="Verify_All_Functionalities_In_Today" time="4.863"/>
  <testcase classname="test.ReportsTestcases" name="Verify_ClickOn_AllDropDown_Element" time="2.704"/>
  <testcase classname="test.ReportsTestcases" name="Verify_ClickOn_AllDataSourceDropDownElements" time="4.944"/>
  <testcase classname="test.ReportsTestcases" name="Verify_ClickOn_AllStatusDropdownElement" time="7.416"/>
  <testcase classname="test.ReportsTestcases" name="Verify_All_Functionalities_In_Week" time="4.732"/>
  <testcase classname="test.ReportsTestcases" name="Verify_All_Functionalities_In_Month" time="4.68"/>
  <testcase classname="test.ReportsTestcases" name="Verify_All_Functionalities_In_Customedates" time="1.32"/>
  <testcase classname="test.ReportsTestcases" name="click_On_LockingRates" time="0.355"/>
  <testcase classname="test.ReportsTestcases" name="Verify_All_Functionalities_In_Today_lockingrates" time="4.814"/>
  <testcase classname="test.ReportsTestcases" name="Verify_ClickOn_AllDropDown_Element_LockingRates" time="2.606"/>
  <testcase classname="test.ReportsTestcases" name="Verify_ClickOn_AllDataSourceDropDownElements_LockingRates" time="4.881"/>
  <testcase classname="test.ReportsTestcases" name="Verify_ClickOn_AllStatusDropdownElement_LockingRates" time="7.267"/>
  <testcase classname="test.ReportsTestcases" name="Verify_All_Functionalities_In_Week_lockingrates" time="4.714"/>
  <testcase classname="test.ReportsTestcases" name="Verify_All_Functionalities_In_Month_lockingrates" time="4.593"/>
  <testcase classname="test.ReportsTestcases" name="Verify_All_Functionalities_In_Customedates_lockingrates" time="1.385"/>
  <testcase classname="test.ReportsTestcases" name="Verify_Theme_Button" time="6.175"/>
  <testcase classname="test.ITDashboardTestcases" name="Click_On_ITDashBoard" time="0.084"/>
  <testcase classname="test.ITDashboardTestcases" name="Verify_SearchBYfileName" time="0.132"/>
  <testcase classname="test.ITDashboardTestcases" name="Verify_Theme_Button" time="6.155"/>
  <testcase classname="test.LaneDashboardTestcases" name="Click_On_Lanedashboard" time="0.089"/>
  <testcase classname="test.LaneDashboardTestcases" name="Verify_Theme_WorksOrNot" time="3.138"/>
  <testcase classname="test.JobtimeLineTestcases" name="Click_On_JobTimeline" time="3.09"/>
  <testcase classname="test.JobtimeLineTestcases" name="Click_On_Theme_Icon" time="2.713"/>
  <testcase classname="test.JobtimeLineTestcases" name="Click_On_ProfileIcon" time="2.093"/>
  <testcase classname="test.JobtimeLineTestcases" name="Click_On_SignOut" time="0.169"/>
  <testcase classname="test.BaseTest" name="@BeforeSuite InItBrowser" time="0.0">
    <ignored/>
  </testcase> <!-- @BeforeSuite InItBrowser -->
  <testcase classname="test.BaseTest" name="@BeforeSuite InItBrowser" time="0.0">
    <ignored/>
  </testcase> <!-- @BeforeSuite InItBrowser -->
  <testcase classname="test.BaseTest" name="@BeforeSuite InItBrowser" time="0.0">
    <ignored/>
  </testcase> <!-- @BeforeSuite InItBrowser -->
  <testcase classname="test.BaseTest" name="@BeforeSuite InItBrowser" time="0.0">
    <ignored/>
  </testcase> <!-- @BeforeSuite InItBrowser -->
  <testcase classname="test.BaseTest" name="@BeforeSuite InItBrowser" time="0.0">
    <ignored/>
  </testcase> <!-- @BeforeSuite InItBrowser -->
  <testcase classname="test.BaseTest" name="@BeforeSuite InItBrowser" time="0.0">
    <ignored/>
  </testcase> <!-- @BeforeSuite InItBrowser -->
  <testcase classname="test.JobLogsTestcases" name="Verify_FooterDropdown_WorksOrNot" time="0.0">
    <ignored/>
  </testcase> <!-- Verify_FooterDropdown_WorksOrNot -->
  <testcase classname="test.HomeTestcase" name="Verify_TogglescreenIcongets" time="0.0">
    <ignored/>
  </testcase> <!-- Verify_TogglescreenIcongets -->
</testsuite> <!-- Test -->
