<?xml version="1.0" encoding="UTF-8"?>
<!-- Generated by org.testng.reporters.JUnitXMLReporter -->
<testsuite ignored="28" hostname="DESKTOP-8HJSJLD" failures="0" tests="0" time="0.005" errors="0" timestamp="2023-02-15T14:07:05 IST">
  <testcase classname="test.HomeTestcase" name="Verify_Scroll_worksorNot" time="0.0">
    <ignored/>
  </testcase> <!-- Verify_Scroll_worksorNot -->
  <testcase classname="test.HomeTestcase" name="HoverOnS3" time="0.0">
    <ignored/>
  </testcase> <!-- HoverOnS3 -->
  <testcase classname="test.HomeTestcase" name="HoverOnQueued" time="0.0">
    <ignored/>
  </testcase> <!-- HoverOnQueued -->
  <testcase classname="test.HomeTestcase" name="HoverOnInserting" time="0.0">
    <ignored/>
  </testcase> <!-- HoverOnInserting -->
  <testcase classname="test.HomeTestcase" name="HoverOnError" time="0.0">
    <ignored/>
  </testcase> <!-- HoverOnError -->
  <testcase classname="test.HomeTestcase" name="Verify_ClickOn_logo" time="0.0">
    <ignored/>
  </testcase> <!-- Verify_ClickOn_logo -->
  <testcase classname="test.HomeTestcase" name="HoverOnValidating" time="0.0">
    <ignored/>
  </testcase> <!-- HoverOnValidating -->
  <testcase classname="test.HomeTestcase" name="verify_FilterByMemeberSCAC" time="0.0">
    <ignored/>
  </testcase> <!-- verify_FilterByMemeberSCAC -->
  <testcase classname="test.HomeTestcase" name="HoverOnWaiting" time="0.0">
    <ignored/>
  </testcase> <!-- HoverOnWaiting -->
  <testcase classname="test.HomeTestcase" name="VerifyClickOnToday" time="0.0">
    <ignored/>
  </testcase> <!-- VerifyClickOnToday -->
  <testcase classname="test.HomeTestcase" name="VerifyClickOnWeek" time="0.0">
    <ignored/>
  </testcase> <!-- VerifyClickOnWeek -->
  <testcase classname="test.HomeTestcase" name="HoverOnCompletedElement" time="0.0">
    <ignored/>
  </testcase> <!-- HoverOnCompletedElement -->
  <testcase classname="test.HomeTestcase" name="VerifyClickOnCustomeDates" time="0.0">
    <ignored/>
  </testcase> <!-- VerifyClickOnCustomeDates -->
  <testcase classname="test.HomeTestcase" name="verify_filterByCustomerField" time="0.0">
    <ignored/>
  </testcase> <!-- verify_filterByCustomerField -->
  <testcase classname="test.HomeTestcase" name="VerifyClickOnMonth" time="0.0">
    <ignored/>
  </testcase> <!-- VerifyClickOnMonth -->
  <testcase classname="test.HomeTestcase" name="HoverOn_DataSourceWise_Tooltip" time="0.0">
    <ignored/>
  </testcase> <!-- HoverOn_DataSourceWise_Tooltip -->
  <testcase classname="test.HomeTestcase" name="HoverOnPLC" time="0.0">
    <ignored/>
  </testcase> <!-- HoverOnPLC -->
  <testcase classname="test.HomeTestcase" name="HoverOnFOB" time="0.0">
    <ignored/>
  </testcase> <!-- HoverOnFOB -->
  <testcase classname="test.HomeTestcase" name="HoverOnExternal" time="0.0">
    <ignored/>
  </testcase> <!-- HoverOnExternal -->
  <testcase classname="test.HomeTestcase" name="Verify_TogglescreenIcongets" time="0.0">
    <ignored/>
  </testcase> <!-- Verify_TogglescreenIcongets -->
  <testcase classname="test.HomeTestcase" name="HoverOnCompleted" time="0.0">
    <ignored/>
  </testcase> <!-- HoverOnCompleted -->
  <testcase classname="test.HomeTestcase" name="HoverOnFtp" time="0.0">
    <ignored/>
  </testcase> <!-- HoverOnFtp -->
  <testcase classname="test.HomeTestcase" name="HoverOnOFR" time="0.0">
    <ignored/>
  </testcase> <!-- HoverOnOFR -->
  <testcase classname="test.HomeTestcase" name="HoverOnFilesByToday" time="0.0">
    <ignored/>
  </testcase> <!-- HoverOnFilesByToday -->
  <testcase classname="test.HomeTestcase" name="HoverOn_MemberWiseFilestatus_Tooltip" time="0.0">
    <ignored/>
  </testcase> <!-- HoverOn_MemberWiseFilestatus_Tooltip -->
  <testcase classname="test.HomeTestcase" name="Verify_Theme_Button" time="0.0">
    <ignored/>
  </testcase> <!-- Verify_Theme_Button -->
  <testcase classname="test.HomeTestcase" name="HoverOn_CustomerWiseFilestatus_Tooltip" time="0.0">
    <ignored/>
  </testcase> <!-- HoverOn_CustomerWiseFilestatus_Tooltip -->
  <testcase classname="test.HomeTestcase" name="HoverOnApi" time="0.0">
    <ignored/>
  </testcase> <!-- HoverOnApi -->
</testsuite>
