<?xml version="1.0" encoding="UTF-8"?>
<testng-results ignored="8" total="80" passed="72" failed="0" skipped="0">
  <reporter-output>
  </reporter-output>
  <suite started-at="2023-02-16T11:18:10 IST" name="Suite" finished-at="2023-02-16T11:21:22 IST" duration-ms="191137">
    <groups>
    </groups>
    <test started-at="2023-02-16T11:18:10 IST" name="Test" finished-at="2023-02-16T11:21:22 IST" duration-ms="191137">
      <class name="test.LaneDashboardTestcases">
        <test-method is-config="true" signature="Vaiable()[pri:0, instance:test.LaneDashboardTestcases@61eaec38]" started-at="2023-02-16T11:21:10 IST" name="Vaiable" finished-at="2023-02-16T11:21:10 IST" duration-ms="1" status="PASS">
          <reporter-output>
          </reporter-output>
        </test-method> <!-- Vaiable -->
        <test-method signature="Click_On_Lanedashboard()[pri:0, instance:test.LaneDashboardTestcases@61eaec38]" started-at="2023-02-16T11:21:10 IST" name="Click_On_Lanedashboard" finished-at="2023-02-16T11:21:10 IST" duration-ms="89" status="PASS">
          <reporter-output>
          </reporter-output>
        </test-method> <!-- Click_On_Lanedashboard -->
        <test-method signature="Verify_Theme_WorksOrNot()[pri:1, instance:test.LaneDashboardTestcases@61eaec38]" started-at="2023-02-16T11:21:10 IST" name="Verify_Theme_WorksOrNot" finished-at="2023-02-16T11:21:13 IST" duration-ms="3138" status="PASS">
          <reporter-output>
          </reporter-output>
        </test-method> <!-- Verify_Theme_WorksOrNot -->
      </class> <!-- test.LaneDashboardTestcases -->
      <class name="test.JobLogsTestcases">
        <test-method is-config="true" signature="Vaiable()[pri:0, instance:test.JobLogsTestcases@12a94400]" started-at="2023-02-16T11:18:55 IST" name="Vaiable" finished-at="2023-02-16T11:18:55 IST" duration-ms="4" status="PASS">
          <reporter-output>
          </reporter-output>
        </test-method> <!-- Vaiable -->
        <test-method signature="Click_On_JobLogs()[pri:1, instance:test.JobLogsTestcases@12a94400]" started-at="2023-02-16T11:18:55 IST" name="Click_On_JobLogs" finished-at="2023-02-16T11:18:55 IST" duration-ms="69" status="PASS">
          <reporter-output>
          </reporter-output>
        </test-method> <!-- Click_On_JobLogs -->
        <test-method signature="Verify_All_Functionalities_In_Today()[pri:2, instance:test.JobLogsTestcases@12a94400]" started-at="2023-02-16T11:18:55 IST" name="Verify_All_Functionalities_In_Today" finished-at="2023-02-16T11:19:00 IST" duration-ms="5234" status="PASS">
          <reporter-output>
          </reporter-output>
        </test-method> <!-- Verify_All_Functionalities_In_Today -->
        <test-method signature="Verify_Hover_On_Show_MoreData()[pri:3, instance:test.JobLogsTestcases@12a94400]" started-at="2023-02-16T11:19:00 IST" name="Verify_Hover_On_Show_MoreData" finished-at="2023-02-16T11:19:07 IST" duration-ms="6494" status="PASS">
          <reporter-output>
          </reporter-output>
        </test-method> <!-- Verify_Hover_On_Show_MoreData -->
        <test-method signature="Verify_Hover_On_DeleteJob()[pri:4, instance:test.JobLogsTestcases@12a94400]" started-at="2023-02-16T11:19:07 IST" name="Verify_Hover_On_DeleteJob" finished-at="2023-02-16T11:19:08 IST" duration-ms="1158" status="PASS">
          <reporter-output>
          </reporter-output>
        </test-method> <!-- Verify_Hover_On_DeleteJob -->
        <test-method signature="Verify_Hover_On_FileName()[pri:5, instance:test.JobLogsTestcases@12a94400]" started-at="2023-02-16T11:19:08 IST" name="Verify_Hover_On_FileName" finished-at="2023-02-16T11:19:09 IST" duration-ms="1151" status="PASS">
          <reporter-output>
          </reporter-output>
        </test-method> <!-- Verify_Hover_On_FileName -->
        <test-method signature="Verify_File_Gets_Download_Or_Not()[pri:6, instance:test.JobLogsTestcases@12a94400]" started-at="2023-02-16T11:19:09 IST" name="Verify_File_Gets_Download_Or_Not" finished-at="2023-02-16T11:19:15 IST" duration-ms="6207" status="PASS">
          <reporter-output>
          </reporter-output>
        </test-method> <!-- Verify_File_Gets_Download_Or_Not -->
        <test-method signature="Verify_Download_Icon_Worksornot()[pri:7, instance:test.JobLogsTestcases@12a94400]" started-at="2023-02-16T11:19:15 IST" name="Verify_Download_Icon_Worksornot" finished-at="2023-02-16T11:19:17 IST" duration-ms="1625" status="PASS">
          <reporter-output>
          </reporter-output>
        </test-method> <!-- Verify_Download_Icon_Worksornot -->
        <test-method signature="Verify_Download_Errors_Works_Or_Not()[pri:8, instance:test.JobLogsTestcases@12a94400]" started-at="2023-02-16T11:19:17 IST" name="Verify_Download_Errors_Works_Or_Not" finished-at="2023-02-16T11:19:18 IST" duration-ms="1595" status="PASS">
          <reporter-output>
          </reporter-output>
        </test-method> <!-- Verify_Download_Errors_Works_Or_Not -->
        <test-method signature="Verify_user_is_able_to_click_on_checkbox()[pri:10, instance:test.JobLogsTestcases@12a94400]" started-at="2023-02-16T11:19:18 IST" name="Verify_user_is_able_to_click_on_checkbox" finished-at="2023-02-16T11:19:21 IST" duration-ms="2150" status="PASS">
          <reporter-output>
          </reporter-output>
        </test-method> <!-- Verify_user_is_able_to_click_on_checkbox -->
        <test-method signature="Verify_ClickOn_AllDropDown_Element()[pri:11, instance:test.JobLogsTestcases@12a94400]" started-at="2023-02-16T11:19:21 IST" name="Verify_ClickOn_AllDropDown_Element" finished-at="2023-02-16T11:19:24 IST" duration-ms="3461" status="PASS">
          <reporter-output>
          </reporter-output>
        </test-method> <!-- Verify_ClickOn_AllDropDown_Element -->
        <test-method signature="Verify_ClickOn_AllDataSource_DropDownElements()[pri:12, instance:test.JobLogsTestcases@12a94400]" started-at="2023-02-16T11:19:24 IST" name="Verify_ClickOn_AllDataSource_DropDownElements" finished-at="2023-02-16T11:19:29 IST" duration-ms="4965" status="PASS">
          <reporter-output>
          </reporter-output>
        </test-method> <!-- Verify_ClickOn_AllDataSource_DropDownElements -->
        <test-method signature="Verify_ClickOn_AllStatus_DropdownElement()[pri:13, instance:test.JobLogsTestcases@12a94400]" started-at="2023-02-16T11:19:29 IST" name="Verify_ClickOn_AllStatus_DropdownElement" finished-at="2023-02-16T11:19:36 IST" duration-ms="7429" status="PASS">
          <reporter-output>
          </reporter-output>
        </test-method> <!-- Verify_ClickOn_AllStatus_DropdownElement -->
        <test-method signature="Verify_All_Functionalities_In_Week()[pri:14, instance:test.JobLogsTestcases@12a94400]" started-at="2023-02-16T11:19:36 IST" name="Verify_All_Functionalities_In_Week" finished-at="2023-02-16T11:19:41 IST" duration-ms="4875" status="PASS">
          <reporter-output>
          </reporter-output>
        </test-method> <!-- Verify_All_Functionalities_In_Week -->
        <test-method signature="Verify_All_Functionalities_In_Month()[pri:15, instance:test.JobLogsTestcases@12a94400]" started-at="2023-02-16T11:19:41 IST" name="Verify_All_Functionalities_In_Month" finished-at="2023-02-16T11:19:47 IST" duration-ms="5273" status="PASS">
          <reporter-output>
          </reporter-output>
        </test-method> <!-- Verify_All_Functionalities_In_Month -->
        <test-method signature="Verify_All_Functionalities_In_Customedates()[pri:16, instance:test.JobLogsTestcases@12a94400]" started-at="2023-02-16T11:19:47 IST" name="Verify_All_Functionalities_In_Customedates" finished-at="2023-02-16T11:19:50 IST" duration-ms="3280" status="PASS">
          <reporter-output>
          </reporter-output>
        </test-method> <!-- Verify_All_Functionalities_In_Customedates -->
        <test-method signature="Verify_Theme_Button()[pri:17, instance:test.JobLogsTestcases@12a94400]" started-at="2023-02-16T11:19:50 IST" name="Verify_Theme_Button" finished-at="2023-02-16T11:19:56 IST" duration-ms="6144" status="PASS">
          <reporter-output>
          </reporter-output>
        </test-method> <!-- Verify_Theme_Button -->
      </class> <!-- test.JobLogsTestcases -->
      <class name="test.ReportsTestcases">
        <test-method is-config="true" signature="Vaiable()[pri:0, instance:test.ReportsTestcases@1ef6d34c]" started-at="2023-02-16T11:19:56 IST" name="Vaiable" finished-at="2023-02-16T11:19:56 IST" duration-ms="5" status="PASS">
          <reporter-output>
          </reporter-output>
        </test-method> <!-- Vaiable -->
        <test-method signature="clickOnReports()[pri:1, instance:test.ReportsTestcases@1ef6d34c]" started-at="2023-02-16T11:19:56 IST" name="clickOnReports" finished-at="2023-02-16T11:19:56 IST" duration-ms="73" status="PASS">
          <reporter-output>
          </reporter-output>
        </test-method> <!-- clickOnReports -->
        <test-method signature="clickOnUploadLog()[pri:2, instance:test.ReportsTestcases@1ef6d34c]" started-at="2023-02-16T11:19:56 IST" name="clickOnUploadLog" finished-at="2023-02-16T11:19:56 IST" duration-ms="226" status="PASS">
          <reporter-output>
          </reporter-output>
        </test-method> <!-- clickOnUploadLog -->
        <test-method signature="Verify_All_Functionalities_In_Today()[pri:3, instance:test.ReportsTestcases@1ef6d34c]" started-at="2023-02-16T11:19:56 IST" name="Verify_All_Functionalities_In_Today" finished-at="2023-02-16T11:20:01 IST" duration-ms="4863" status="PASS">
          <reporter-output>
          </reporter-output>
        </test-method> <!-- Verify_All_Functionalities_In_Today -->
        <test-method signature="Verify_ClickOn_AllDropDown_Element()[pri:4, instance:test.ReportsTestcases@1ef6d34c]" started-at="2023-02-16T11:20:01 IST" name="Verify_ClickOn_AllDropDown_Element" finished-at="2023-02-16T11:20:04 IST" duration-ms="2704" status="PASS">
          <reporter-output>
          </reporter-output>
        </test-method> <!-- Verify_ClickOn_AllDropDown_Element -->
        <test-method signature="Verify_ClickOn_AllDataSourceDropDownElements()[pri:5, instance:test.ReportsTestcases@1ef6d34c]" started-at="2023-02-16T11:20:04 IST" name="Verify_ClickOn_AllDataSourceDropDownElements" finished-at="2023-02-16T11:20:09 IST" duration-ms="4944" status="PASS">
          <reporter-output>
          </reporter-output>
        </test-method> <!-- Verify_ClickOn_AllDataSourceDropDownElements -->
        <test-method signature="Verify_ClickOn_AllStatusDropdownElement()[pri:6, instance:test.ReportsTestcases@1ef6d34c]" started-at="2023-02-16T11:20:09 IST" name="Verify_ClickOn_AllStatusDropdownElement" finished-at="2023-02-16T11:20:16 IST" duration-ms="7416" status="PASS">
          <reporter-output>
          </reporter-output>
        </test-method> <!-- Verify_ClickOn_AllStatusDropdownElement -->
        <test-method signature="Verify_All_Functionalities_In_Week()[pri:7, instance:test.ReportsTestcases@1ef6d34c]" started-at="2023-02-16T11:20:16 IST" name="Verify_All_Functionalities_In_Week" finished-at="2023-02-16T11:20:21 IST" duration-ms="4732" status="PASS">
          <reporter-output>
          </reporter-output>
        </test-method> <!-- Verify_All_Functionalities_In_Week -->
        <test-method signature="Verify_All_Functionalities_In_Month()[pri:8, instance:test.ReportsTestcases@1ef6d34c]" started-at="2023-02-16T11:20:21 IST" name="Verify_All_Functionalities_In_Month" finished-at="2023-02-16T11:20:26 IST" duration-ms="4680" status="PASS">
          <reporter-output>
          </reporter-output>
        </test-method> <!-- Verify_All_Functionalities_In_Month -->
        <test-method signature="Verify_All_Functionalities_In_Customedates()[pri:9, instance:test.ReportsTestcases@1ef6d34c]" started-at="2023-02-16T11:20:26 IST" name="Verify_All_Functionalities_In_Customedates" finished-at="2023-02-16T11:20:27 IST" duration-ms="1320" status="PASS">
          <reporter-output>
          </reporter-output>
        </test-method> <!-- Verify_All_Functionalities_In_Customedates -->
        <test-method signature="click_On_LockingRates()[pri:10, instance:test.ReportsTestcases@1ef6d34c]" started-at="2023-02-16T11:20:27 IST" name="click_On_LockingRates" finished-at="2023-02-16T11:20:27 IST" duration-ms="355" status="PASS">
          <reporter-output>
          </reporter-output>
        </test-method> <!-- click_On_LockingRates -->
        <test-method signature="Verify_All_Functionalities_In_Today_lockingrates()[pri:11, instance:test.ReportsTestcases@1ef6d34c]" started-at="2023-02-16T11:20:27 IST" name="Verify_All_Functionalities_In_Today_lockingrates" finished-at="2023-02-16T11:20:32 IST" duration-ms="4814" status="PASS">
          <reporter-output>
          </reporter-output>
        </test-method> <!-- Verify_All_Functionalities_In_Today_lockingrates -->
        <test-method signature="Verify_ClickOn_AllDropDown_Element_LockingRates()[pri:12, instance:test.ReportsTestcases@1ef6d34c]" started-at="2023-02-16T11:20:32 IST" name="Verify_ClickOn_AllDropDown_Element_LockingRates" finished-at="2023-02-16T11:20:35 IST" duration-ms="2606" status="PASS">
          <reporter-output>
          </reporter-output>
        </test-method> <!-- Verify_ClickOn_AllDropDown_Element_LockingRates -->
        <test-method signature="Verify_ClickOn_AllDataSourceDropDownElements_LockingRates()[pri:13, instance:test.ReportsTestcases@1ef6d34c]" started-at="2023-02-16T11:20:35 IST" name="Verify_ClickOn_AllDataSourceDropDownElements_LockingRates" finished-at="2023-02-16T11:20:40 IST" duration-ms="4881" status="PASS">
          <reporter-output>
          </reporter-output>
        </test-method> <!-- Verify_ClickOn_AllDataSourceDropDownElements_LockingRates -->
        <test-method signature="Verify_ClickOn_AllStatusDropdownElement_LockingRates()[pri:14, instance:test.ReportsTestcases@1ef6d34c]" started-at="2023-02-16T11:20:40 IST" name="Verify_ClickOn_AllStatusDropdownElement_LockingRates" finished-at="2023-02-16T11:20:47 IST" duration-ms="7267" status="PASS">
          <reporter-output>
          </reporter-output>
        </test-method> <!-- Verify_ClickOn_AllStatusDropdownElement_LockingRates -->
        <test-method signature="Verify_All_Functionalities_In_Week_lockingrates()[pri:15, instance:test.ReportsTestcases@1ef6d34c]" started-at="2023-02-16T11:20:47 IST" name="Verify_All_Functionalities_In_Week_lockingrates" finished-at="2023-02-16T11:20:52 IST" duration-ms="4714" status="PASS">
          <reporter-output>
          </reporter-output>
        </test-method> <!-- Verify_All_Functionalities_In_Week_lockingrates -->
        <test-method signature="Verify_All_Functionalities_In_Month_lockingrates()[pri:16, instance:test.ReportsTestcases@1ef6d34c]" started-at="2023-02-16T11:20:52 IST" name="Verify_All_Functionalities_In_Month_lockingrates" finished-at="2023-02-16T11:20:56 IST" duration-ms="4593" status="PASS">
          <reporter-output>
          </reporter-output>
        </test-method> <!-- Verify_All_Functionalities_In_Month_lockingrates -->
        <test-method signature="Verify_All_Functionalities_In_Customedates_lockingrates()[pri:17, instance:test.ReportsTestcases@1ef6d34c]" started-at="2023-02-16T11:20:56 IST" name="Verify_All_Functionalities_In_Customedates_lockingrates" finished-at="2023-02-16T11:20:58 IST" duration-ms="1385" status="PASS">
          <reporter-output>
          </reporter-output>
        </test-method> <!-- Verify_All_Functionalities_In_Customedates_lockingrates -->
        <test-method signature="Verify_Theme_Button()[pri:18, instance:test.ReportsTestcases@1ef6d34c]" started-at="2023-02-16T11:20:58 IST" name="Verify_Theme_Button" finished-at="2023-02-16T11:21:04 IST" duration-ms="6175" status="PASS">
          <reporter-output>
          </reporter-output>
        </test-method> <!-- Verify_Theme_Button -->
      </class> <!-- test.ReportsTestcases -->
      <class name="test.HomeTestcase">
        <test-method is-config="true" signature="Vaiable()[pri:0, instance:test.HomeTestcase@275bf9b3]" started-at="2023-02-16T11:18:15 IST" name="Vaiable" finished-at="2023-02-16T11:18:15 IST" duration-ms="4" status="PASS">
          <reporter-output>
          </reporter-output>
        </test-method> <!-- Vaiable -->
        <test-method signature="Hover_On_FilesByToday()[pri:1, instance:test.HomeTestcase@275bf9b3]" started-at="2023-02-16T11:18:15 IST" name="Hover_On_FilesByToday" finished-at="2023-02-16T11:18:21 IST" duration-ms="5774" status="PASS">
          <reporter-output>
          </reporter-output>
        </test-method> <!-- Hover_On_FilesByToday -->
        <test-method signature="Hover_On_Error()[pri:2, instance:test.HomeTestcase@275bf9b3]" started-at="2023-02-16T11:18:21 IST" name="Hover_On_Error" finished-at="2023-02-16T11:18:21 IST" duration-ms="386" status="PASS">
          <reporter-output>
          </reporter-output>
        </test-method> <!-- Hover_On_Error -->
        <test-method signature="Hover_On_Queued()[pri:3, instance:test.HomeTestcase@275bf9b3]" started-at="2023-02-16T11:18:21 IST" name="Hover_On_Queued" finished-at="2023-02-16T11:18:21 IST" duration-ms="353" status="PASS">
          <reporter-output>
          </reporter-output>
        </test-method> <!-- Hover_On_Queued -->
        <test-method signature="Hover_On_Validating()[pri:4, instance:test.HomeTestcase@275bf9b3]" started-at="2023-02-16T11:18:21 IST" name="Hover_On_Validating" finished-at="2023-02-16T11:18:22 IST" duration-ms="370" status="PASS">
          <reporter-output>
          </reporter-output>
        </test-method> <!-- Hover_On_Validating -->
        <test-method signature="Hover_On_Waiting()[pri:5, instance:test.HomeTestcase@275bf9b3]" started-at="2023-02-16T11:18:22 IST" name="Hover_On_Waiting" finished-at="2023-02-16T11:18:22 IST" duration-ms="358" status="PASS">
          <reporter-output>
          </reporter-output>
        </test-method> <!-- Hover_On_Waiting -->
        <test-method signature="Hover_On_Inserting()[pri:6, instance:test.HomeTestcase@275bf9b3]" started-at="2023-02-16T11:18:22 IST" name="Hover_On_Inserting" finished-at="2023-02-16T11:18:23 IST" duration-ms="368" status="PASS">
          <reporter-output>
          </reporter-output>
        </test-method> <!-- Hover_On_Inserting -->
        <test-method signature="Hover_On_Completed()[pri:7, instance:test.HomeTestcase@275bf9b3]" started-at="2023-02-16T11:18:23 IST" name="Hover_On_Completed" finished-at="2023-02-16T11:18:23 IST" duration-ms="353" status="PASS">
          <reporter-output>
          </reporter-output>
        </test-method> <!-- Hover_On_Completed -->
        <test-method signature="Hover_On_Api()[pri:8, instance:test.HomeTestcase@275bf9b3]" started-at="2023-02-16T11:18:23 IST" name="Hover_On_Api" finished-at="2023-02-16T11:18:23 IST" duration-ms="354" status="PASS">
          <reporter-output>
          </reporter-output>
        </test-method> <!-- Hover_On_Api -->
        <test-method signature="Hover_On_Ftp()[pri:9, instance:test.HomeTestcase@275bf9b3]" started-at="2023-02-16T11:18:23 IST" name="Hover_On_Ftp" finished-at="2023-02-16T11:18:24 IST" duration-ms="371" status="PASS">
          <reporter-output>
          </reporter-output>
        </test-method> <!-- Hover_On_Ftp -->
        <test-method signature="Hover_On_External()[pri:10, instance:test.HomeTestcase@275bf9b3]" started-at="2023-02-16T11:18:24 IST" name="Hover_On_External" finished-at="2023-02-16T11:18:24 IST" duration-ms="354" status="PASS">
          <reporter-output>
          </reporter-output>
        </test-method> <!-- Hover_On_External -->
        <test-method signature="Hover_On_S3()[pri:11, instance:test.HomeTestcase@275bf9b3]" started-at="2023-02-16T11:18:24 IST" name="Hover_On_S3" finished-at="2023-02-16T11:18:24 IST" duration-ms="355" status="PASS">
          <reporter-output>
          </reporter-output>
        </test-method> <!-- Hover_On_S3 -->
        <test-method signature="Hover_On_FOB()[pri:12, instance:test.HomeTestcase@275bf9b3]" started-at="2023-02-16T11:18:24 IST" name="Hover_On_FOB" finished-at="2023-02-16T11:18:25 IST" duration-ms="356" status="PASS">
          <reporter-output>
          </reporter-output>
        </test-method> <!-- Hover_On_FOB -->
        <test-method signature="Hover_On_OFR()[pri:13, instance:test.HomeTestcase@275bf9b3]" started-at="2023-02-16T11:18:25 IST" name="Hover_On_OFR" finished-at="2023-02-16T11:18:25 IST" duration-ms="376" status="PASS">
          <reporter-output>
          </reporter-output>
        </test-method> <!-- Hover_On_OFR -->
        <test-method signature="Hover_On_PLC()[pri:14, instance:test.HomeTestcase@275bf9b3]" started-at="2023-02-16T11:18:25 IST" name="Hover_On_PLC" finished-at="2023-02-16T11:18:25 IST" duration-ms="357" status="PASS">
          <reporter-output>
          </reporter-output>
        </test-method> <!-- Hover_On_PLC -->
        <test-method signature="Hover_On_CompletedElement()[pri:15, instance:test.HomeTestcase@275bf9b3]" started-at="2023-02-16T11:18:25 IST" name="Hover_On_CompletedElement" finished-at="2023-02-16T11:18:30 IST" duration-ms="4680" status="PASS">
          <reporter-output>
          </reporter-output>
        </test-method> <!-- Hover_On_CompletedElement -->
        <test-method signature="Hover_On_DataSourceWise_Tooltip()[pri:15, instance:test.HomeTestcase@275bf9b3]" started-at="2023-02-16T11:18:30 IST" name="Hover_On_DataSourceWise_Tooltip" finished-at="2023-02-16T11:18:30 IST" duration-ms="340" status="PASS">
          <reporter-output>
          </reporter-output>
        </test-method> <!-- Hover_On_DataSourceWise_Tooltip -->
        <test-method signature="HoverOn_CustomerWiseFilestatus_Tooltip()[pri:16, instance:test.HomeTestcase@275bf9b3]" started-at="2023-02-16T11:18:30 IST" name="HoverOn_CustomerWiseFilestatus_Tooltip" finished-at="2023-02-16T11:18:31 IST" duration-ms="356" status="PASS">
          <reporter-output>
          </reporter-output>
        </test-method> <!-- HoverOn_CustomerWiseFilestatus_Tooltip -->
        <test-method signature="HoverOn_MemberWiseFilestatus_Tooltip()[pri:17, instance:test.HomeTestcase@275bf9b3]" started-at="2023-02-16T11:18:31 IST" name="HoverOn_MemberWiseFilestatus_Tooltip" finished-at="2023-02-16T11:18:31 IST" duration-ms="356" status="PASS">
          <reporter-output>
          </reporter-output>
        </test-method> <!-- HoverOn_MemberWiseFilestatus_Tooltip -->
        <test-method signature="verify_filter_By_CustomerField()[pri:18, instance:test.HomeTestcase@275bf9b3]" started-at="2023-02-16T11:18:31 IST" name="verify_filter_By_CustomerField" finished-at="2023-02-16T11:18:32 IST" duration-ms="1085" status="PASS">
          <reporter-output>
          </reporter-output>
        </test-method> <!-- verify_filter_By_CustomerField -->
        <test-method signature="verify_FilterByMemeberSCAC()[pri:19, instance:test.HomeTestcase@275bf9b3]" started-at="2023-02-16T11:18:32 IST" name="verify_FilterByMemeberSCAC" finished-at="2023-02-16T11:18:33 IST" duration-ms="1125" status="PASS">
          <reporter-output>
          </reporter-output>
        </test-method> <!-- verify_FilterByMemeberSCAC -->
        <test-method signature="VerifyClickOnToday()[pri:21, instance:test.HomeTestcase@275bf9b3]" started-at="2023-02-16T11:18:33 IST" name="VerifyClickOnToday" finished-at="2023-02-16T11:18:37 IST" duration-ms="4107" status="PASS">
          <reporter-output>
          </reporter-output>
        </test-method> <!-- VerifyClickOnToday -->
        <test-method signature="VerifyClickOnWeek()[pri:22, instance:test.HomeTestcase@275bf9b3]" started-at="2023-02-16T11:18:37 IST" name="VerifyClickOnWeek" finished-at="2023-02-16T11:18:40 IST" duration-ms="2087" status="PASS">
          <reporter-output>
          </reporter-output>
        </test-method> <!-- VerifyClickOnWeek -->
        <test-method signature="VerifyClickOnMonth()[pri:23, instance:test.HomeTestcase@275bf9b3]" started-at="2023-02-16T11:18:40 IST" name="VerifyClickOnMonth" finished-at="2023-02-16T11:18:42 IST" duration-ms="2073" status="PASS">
          <reporter-output>
          </reporter-output>
        </test-method> <!-- VerifyClickOnMonth -->
        <test-method signature="VerifyClickOnCustomeDates()[pri:24, instance:test.HomeTestcase@275bf9b3]" started-at="2023-02-16T11:18:42 IST" name="VerifyClickOnCustomeDates" finished-at="2023-02-16T11:18:47 IST" duration-ms="5327" status="PASS">
          <reporter-output>
          </reporter-output>
        </test-method> <!-- VerifyClickOnCustomeDates -->
        <test-method signature="Verify_ClickOn_logo()[pri:26, instance:test.HomeTestcase@275bf9b3]" started-at="2023-02-16T11:18:47 IST" name="Verify_ClickOn_logo" finished-at="2023-02-16T11:18:49 IST" duration-ms="1617" status="PASS">
          <reporter-output>
          </reporter-output>
        </test-method> <!-- Verify_ClickOn_logo -->
        <test-method signature="Verify_Theme_Button()[pri:28, instance:test.HomeTestcase@275bf9b3]" started-at="2023-02-16T11:18:49 IST" name="Verify_Theme_Button" finished-at="2023-02-16T11:18:55 IST" duration-ms="6240" status="PASS">
          <reporter-output>
          </reporter-output>
        </test-method> <!-- Verify_Theme_Button -->
        <test-method signature="Verify_Scroll_worksorNot()[pri:29, instance:test.HomeTestcase@275bf9b3]" started-at="2023-02-16T11:18:55 IST" name="Verify_Scroll_worksorNot" finished-at="2023-02-16T11:18:55 IST" duration-ms="11" status="PASS">
          <reporter-output>
          </reporter-output>
        </test-method> <!-- Verify_Scroll_worksorNot -->
      </class> <!-- test.HomeTestcase -->
      <class name="test.SignInPageTestcases">
        <test-method is-config="true" signature="InItBrowser()[pri:0, instance:test.SignInPageTestcases@58594a11]" started-at="2023-02-16T11:17:59 IST" name="InItBrowser" finished-at="2023-02-16T11:18:10 IST" duration-ms="11293" status="PASS">
          <reporter-output>
          </reporter-output>
        </test-method> <!-- InItBrowser -->
        <test-method is-config="true" signature="Vaiable()[pri:0, instance:test.SignInPageTestcases@58594a11]" started-at="2023-02-16T11:18:11 IST" name="Vaiable" finished-at="2023-02-16T11:18:11 IST" duration-ms="114" status="PASS">
          <reporter-output>
          </reporter-output>
        </test-method> <!-- Vaiable -->
        <test-method signature="VerifyTitleOfPage()[pri:0, instance:test.SignInPageTestcases@58594a11]" started-at="2023-02-16T11:18:11 IST" name="VerifyTitleOfPage" finished-at="2023-02-16T11:18:11 IST" duration-ms="811" status="PASS">
          <reporter-output>
          </reporter-output>
        </test-method> <!-- VerifyTitleOfPage -->
        <test-method signature="validateLogin()[pri:1, instance:test.SignInPageTestcases@58594a11]" started-at="2023-02-16T11:18:11 IST" name="validateLogin" finished-at="2023-02-16T11:18:15 IST" duration-ms="3371" status="PASS">
          <reporter-output>
          </reporter-output>
        </test-method> <!-- validateLogin -->
      </class> <!-- test.SignInPageTestcases -->
      <class name="test.JobtimeLineTestcases">
        <test-method is-config="true" signature="Vaiable()[pri:0, instance:test.JobtimeLineTestcases@57576994]" started-at="2023-02-16T11:21:13 IST" name="Vaiable" finished-at="2023-02-16T11:21:13 IST" duration-ms="1" status="PASS">
          <reporter-output>
          </reporter-output>
        </test-method> <!-- Vaiable -->
        <test-method signature="Click_On_JobTimeline()[pri:0, instance:test.JobtimeLineTestcases@57576994]" started-at="2023-02-16T11:21:13 IST" name="Click_On_JobTimeline" finished-at="2023-02-16T11:21:17 IST" duration-ms="3090" status="PASS">
          <reporter-output>
          </reporter-output>
        </test-method> <!-- Click_On_JobTimeline -->
        <test-method signature="Click_On_Theme_Icon()[pri:1, instance:test.JobtimeLineTestcases@57576994]" started-at="2023-02-16T11:21:17 IST" name="Click_On_Theme_Icon" finished-at="2023-02-16T11:21:19 IST" duration-ms="2713" status="PASS">
          <reporter-output>
          </reporter-output>
        </test-method> <!-- Click_On_Theme_Icon -->
        <test-method signature="Click_On_ProfileIcon()[pri:2, instance:test.JobtimeLineTestcases@57576994]" started-at="2023-02-16T11:21:19 IST" name="Click_On_ProfileIcon" finished-at="2023-02-16T11:21:21 IST" duration-ms="2093" status="PASS">
          <reporter-output>
          </reporter-output>
        </test-method> <!-- Click_On_ProfileIcon -->
        <test-method signature="Click_On_SignOut()[pri:3, instance:test.JobtimeLineTestcases@57576994]" started-at="2023-02-16T11:21:21 IST" name="Click_On_SignOut" finished-at="2023-02-16T11:21:22 IST" duration-ms="169" status="PASS">
          <reporter-output>
          </reporter-output>
        </test-method> <!-- Click_On_SignOut -->
      </class> <!-- test.JobtimeLineTestcases -->
      <class name="test.ITDashboardTestcases">
        <test-method is-config="true" signature="Vaiable()[pri:0, instance:test.ITDashboardTestcases@7c51f34b]" started-at="2023-02-16T11:21:04 IST" name="Vaiable" finished-at="2023-02-16T11:21:04 IST" duration-ms="4" status="PASS">
          <reporter-output>
          </reporter-output>
        </test-method> <!-- Vaiable -->
        <test-method signature="Click_On_ITDashBoard()[pri:1, instance:test.ITDashboardTestcases@7c51f34b]" started-at="2023-02-16T11:21:04 IST" name="Click_On_ITDashBoard" finished-at="2023-02-16T11:21:04 IST" duration-ms="84" status="PASS">
          <reporter-output>
          </reporter-output>
        </test-method> <!-- Click_On_ITDashBoard -->
        <test-method signature="Verify_SearchBYfileName()[pri:2, instance:test.ITDashboardTestcases@7c51f34b]" started-at="2023-02-16T11:21:04 IST" name="Verify_SearchBYfileName" finished-at="2023-02-16T11:21:04 IST" duration-ms="132" status="PASS">
          <reporter-output>
          </reporter-output>
        </test-method> <!-- Verify_SearchBYfileName -->
        <test-method signature="Verify_Theme_Button()[pri:3, instance:test.ITDashboardTestcases@7c51f34b]" started-at="2023-02-16T11:21:04 IST" name="Verify_Theme_Button" finished-at="2023-02-16T11:21:10 IST" duration-ms="6155" status="PASS">
          <reporter-output>
          </reporter-output>
        </test-method> <!-- Verify_Theme_Button -->
      </class> <!-- test.ITDashboardTestcases -->
    </test> <!-- Test -->
  </suite> <!-- Suite -->
</testng-results>
